<?xml version="1.0" encoding="UTF-8"?>
<!-- Generated by org.testng.reporters.JUnitXMLReporter -->
<testsuite hostname="Test" ignored="0" name="firefoxTest" tests="1" failures="1" timestamp="25 Jan 2018 04:04:49 GMT" time="6.034" errors="0">
  <testcase name="testapplication" time="0.002" classname="assment.gridexecution">
    <failure type="java.lang.NullPointerException">
      <![CDATA[java.lang.NullPointerException
	at assment.gridexecution.testapplication(gridexecution.java:11)
	at java.util.concurrent.FutureTask.run(Unknown Source)
	at java.util.concurrent.ThreadPoolExecutor.runWorker(Unknown Source)
	at java.util.concurrent.ThreadPoolExecutor$Worker.run(Unknown Source)
	at java.lang.Thread.run(Unknown Source)
... Removed 16 stack frames]]>
    </failure>
  </testcase> <!-- testapplication -->
</testsuite> <!-- firefoxTest -->
